2025-08-03 07:04:17 [INFO] [info:248] [PID:3676] [TID:31516] [server.py:<module>:53][main] 服务器模块导入完成
2025-08-03 07:04:17 [INFO] [info:248] [PID:3676] [TID:31516] [server.py:main:397][main] ============================================================
2025-08-03 07:04:17 [INFO] [info:248] [PID:3676] [TID:31516] [server.py:main:398][main] Telegram Bot服务器启动
2025-08-03 07:04:17 [INFO] [info:248] [PID:3676] [TID:31516] [server.py:main:399][main] ============================================================
2025-08-03 07:04:17 [INFO] [info:248] [PID:3676] [TID:31516] [server.py:main:404][main] 服务器配置加载完成: 端口=5000, 主机=0.0.0.0
2025-08-03 07:04:17 [INFO] [info:248] [PID:3676] [TID:31516] [server.py:main:407][main] 开始网络配置检查
2025-08-03 07:04:17 [INFO] [info:248] [PID:3676] [TID:31516] [network_manager.py:get_network_manager:296][get_network_manager] 创建全局网络管理器实例
2025-08-03 07:04:17 [INFO] [info:248] [PID:3676] [TID:31516] [network_manager.py:__init__:26][NetworkManager.__init__] 初始化网络管理器
2025-08-03 07:04:17 [INFO] [info:248] [PID:3676] [TID:31516] [network_manager.py:__init__:34][NetworkManager.__init__] 网络管理器初始化完成
2025-08-03 07:04:17 [INFO] [info:248] [PID:3676] [TID:31516] [network_manager.py:check_port_accessibility:46][NetworkManager.check_port_accessibility] 检查端口可访问性: 5000
2025-08-03 07:04:18 [INFO] [info:248] [PID:3676] [TID:31516] [network_manager.py:check_port_accessibility:71][NetworkManager.check_port_accessibility] 端口可访问性检查完成: 5000
2025-08-03 07:04:18 [INFO] [info:248] [PID:3676] [TID:31516] [server.py:main:414][main] 端口状态检查结果 - 监听: False, 可绑定: True, 本地IP: 192.168.165.80
2025-08-03 07:04:18 [INFO] [info:248] [PID:3676] [TID:31516] [server.py:main:420][main] 网络配置建议:
2025-08-03 07:04:18 [INFO] [info:248] [PID:3676] [TID:31516] [server.py:main:422][main]   - 端口可用，服务器可以正常启动
2025-08-03 07:04:18 [INFO] [info:248] [PID:3676] [TID:31516] [server.py:main:422][main]   - 如需外部访问，请在Windows防火墙中允许该端口
2025-08-03 07:04:18 [INFO] [info:248] [PID:3676] [TID:31516] [server.py:main:422][main]   - 确保服务器监听地址设置为 0.0.0.0 以允许外部连接
2025-08-03 07:04:18 [INFO] [info:248] [PID:3676] [TID:31516] [server.py:main:425][main] 开始清理端口 5000 上的僵尸连接
2025-08-03 07:04:18 [INFO] [info:248] [PID:3676] [TID:31516] [server.py:check_port_status:91][check_port_status] 端口 5000 可用
2025-08-03 07:04:18 [INFO] [info:248] [PID:3676] [TID:31516] [server.py:main:444][main] 端口 5000 初始状态正常，无需清理
2025-08-03 07:04:18 [INFO] [info:248] [PID:3676] [TID:31516] [server.py:main:447][main] 开始验证运行环境
2025-08-03 07:04:18 [INFO] [info:248] [PID:3676] [TID:31516] [server.py:validate_environment:300][validate_environment] 开始验证运行环境
2025-08-03 07:04:18 [INFO] [info:248] [PID:3676] [TID:31516] [server.py:validate_environment:325][validate_environment] 找到 js_modules 文件夹，包含 3 个JavaScript文件
2025-08-03 07:04:18 [INFO] [info:248] [PID:3676] [TID:31516] [server.py:validate_environment:340][validate_environment] 运行环境验证完成
2025-08-03 07:04:18 [INFO] [info:248] [PID:3676] [TID:31516] [server.py:main:451][main] 运行环境验证通过
2025-08-03 07:04:18 [INFO] [info:248] [PID:3676] [TID:31516] [server.py:main:454][main] 设置信号处理器
2025-08-03 07:04:18 [INFO] [info:248] [PID:3676] [TID:31516] [server.py:setup_signal_handlers:273][setup_signal_handlers] 设置信号处理器
2025-08-03 07:04:18 [INFO] [info:248] [PID:3676] [TID:31516] [server.py:setup_signal_handlers:296][setup_signal_handlers] 信号处理器设置完成
2025-08-03 07:04:18 [INFO] [info:248] [PID:3676] [TID:31516] [server.py:main:456][main] 信号处理器设置完成
2025-08-03 07:04:18 [INFO] [info:248] [PID:3676] [TID:31516] [server.py:main:459][main] 显示启动横幅
2025-08-03 07:04:18 [INFO] [info:248] [PID:3676] [TID:31516] [server.py:print_startup_banner:349][print_startup_banner] 显示启动横幅
2025-08-03 07:04:18 [INFO] [info:248] [PID:3676] [TID:31516] [network_manager.py:check_port_accessibility:46][NetworkManager.check_port_accessibility] 检查端口可访问性: 5000
2025-08-03 07:04:19 [INFO] [info:248] [PID:3676] [TID:31516] [network_manager.py:check_port_accessibility:71][NetworkManager.check_port_accessibility] 端口可访问性检查完成: 5000
2025-08-03 07:04:19 [INFO] [info:248] [PID:3676] [TID:31516] [server.py:print_startup_banner:389][print_startup_banner] 服务器启动横幅显示完成
2025-08-03 07:04:19 [INFO] [info:248] [PID:3676] [TID:31516] [server.py:main:463][main] 准备启动Flask服务器
2025-08-03 07:04:19 [INFO] [info:248] [PID:3676] [TID:31516] [server.py:main:464][main] 服务器将在 http://0.0.0.0:5000 上启动
2025-08-03 07:04:19 [INFO] [info:248] [PID:3676] [TID:31516] [app.py:run_server:869][run_server] 启动Telegram Bot服务器
2025-08-03 07:04:19 [INFO] [info:248] [PID:3676] [TID:31516] [app.py:create_app:41][create_app] 开始创建Flask应用
2025-08-03 07:04:20 [INFO] [info:248] [PID:3676] [TID:31516] [auth.py:init_app:486][AuthManager.init_app] 初始化Flask应用认证
2025-08-03 07:04:20 [INFO] [info:248] [PID:3676] [TID:31516] [auth.py:init_app:501][AuthManager.init_app] Flask应用认证初始化完成
2025-08-03 07:04:20 [INFO] [info:248] [PID:3676] [TID:31516] [app.py:register_api_routes:100][register_api_routes] 开始注册API路由
2025-08-03 07:04:20 [INFO] [info:248] [PID:3676] [TID:31516] [app.py:register_api_routes:853][register_api_routes] API路由注册完成
2025-08-03 07:04:20 [INFO] [info:248] [PID:3676] [TID:31516] [web_routes.py:register_web_routes:33][register_web_routes] 开始注册Web界面路由
2025-08-03 07:04:20 [INFO] [info:248] [PID:3676] [TID:31516] [web_routes.py:register_web_routes:406][register_web_routes] Web界面路由注册完成
2025-08-03 07:04:20 [INFO] [info:248] [PID:3676] [TID:31516] [app.py:create_app:90][create_app] Flask应用创建完成
2025-08-03 07:04:20 [INFO] [info:248] [PID:3676] [TID:31516] [app.py:run_server:879][run_server] 服务器启动在 http://0.0.0.0:5000
2025-08-03 07:04:29 [WARNING] [warning:269] [PID:3676] [TID:18472] [request_hooks.py:_before_request_logging:45][request_hooks.before] API 令牌验证失败: NOT_AUTHENTICATED
2025-08-03 07:04:29 [WARNING] [warning:269] [PID:3676] [TID:24048] [request_hooks.py:_before_request_logging:45][request_hooks.before] API 令牌验证失败: NOT_AUTHENTICATED
2025-08-03 07:04:33 [INFO] [info:248] [PID:3676] [TID:1204] [web_routes.py:index:42][index] 处理首页访问请求
2025-08-03 07:04:33 [INFO] [info:248] [PID:3676] [TID:1204] [web_routes.py:index:57][index] 用户未登录，跳转到登录页面
2025-08-03 07:04:33 [INFO] [info:248] [PID:3676] [TID:22656] [web_routes.py:login_page:76][login_page] 处理登录页面访问请求
2025-08-03 07:04:33 [WARNING] [warning:269] [PID:3676] [TID:5840] [request_hooks.py:_before_request_logging:45][request_hooks.before] API 令牌验证失败: NOT_AUTHENTICATED
2025-08-03 07:04:35 [INFO] [info:248] [PID:3676] [TID:23036] [app.py:login:113][login] 处理用户登录请求
2025-08-03 07:04:35 [INFO] [info:248] [PID:3676] [TID:23036] [auth.py:authenticate_user:187][AuthManager.authenticate_user] 开始用户认证: 10086
2025-08-03 07:04:35 [INFO] [info:248] [PID:3676] [TID:23036] [auth.py:authenticate_user:273][AuthManager.authenticate_user] 用户认证成功: 10086, 令牌ID: 0b2ced34...
2025-08-03 07:04:35 [INFO] [info:248] [PID:3676] [TID:23036] [app.py:login:143][login] 用户登录成功: 10086
2025-08-03 07:04:36 [INFO] [info:248] [PID:3676] [TID:14640] [web_routes.py:dashboard:153][dashboard] 处理仪表板访问请求: 10086
2025-08-03 07:04:36 [INFO] [info:248] [PID:3676] [TID:29996] [app.py:server_status:796][server_status] 获取服务器状态信息
2025-08-03 07:04:36 [INFO] [info:248] [PID:3676] [TID:29996] [network_manager.py:check_port_accessibility:46][NetworkManager.check_port_accessibility] 检查端口可访问性: 5000
2025-08-03 07:04:37 [INFO] [info:248] [PID:3676] [TID:29996] [network_manager.py:check_port_accessibility:71][NetworkManager.check_port_accessibility] 端口可访问性检查完成: 5000
2025-08-03 07:04:37 [INFO] [info:248] [PID:3676] [TID:29996] [app.py:server_status:839][server_status] 服务器状态信息获取成功
2025-08-03 07:04:37 [INFO] [info:248] [PID:3676] [TID:17100] [app.py:list_instances:466][list_instances] 处理获取实例列表请求
2025-08-03 07:04:37 [INFO] [info:248] [PID:3676] [TID:17100] [app.py:list_instances:475][list_instances] 获取实例列表成功，数量: 0
2025-08-03 07:05:07 [INFO] [info:248] [PID:3676] [TID:14204] [app.py:server_status:796][server_status] 获取服务器状态信息
2025-08-03 07:05:07 [INFO] [info:248] [PID:3676] [TID:14204] [network_manager.py:check_port_accessibility:46][NetworkManager.check_port_accessibility] 检查端口可访问性: 5000
2025-08-03 07:05:07 [INFO] [info:248] [PID:3676] [TID:14204] [network_manager.py:check_port_accessibility:71][NetworkManager.check_port_accessibility] 端口可访问性检查完成: 5000
2025-08-03 07:05:07 [INFO] [info:248] [PID:3676] [TID:14204] [app.py:server_status:839][server_status] 服务器状态信息获取成功
2025-08-03 07:05:37 [INFO] [info:248] [PID:3676] [TID:18756] [app.py:server_status:796][server_status] 获取服务器状态信息
2025-08-03 07:05:37 [INFO] [info:248] [PID:3676] [TID:18756] [network_manager.py:check_port_accessibility:46][NetworkManager.check_port_accessibility] 检查端口可访问性: 5000
2025-08-03 07:05:37 [INFO] [info:248] [PID:3676] [TID:18756] [network_manager.py:check_port_accessibility:71][NetworkManager.check_port_accessibility] 端口可访问性检查完成: 5000
2025-08-03 07:05:37 [INFO] [info:248] [PID:3676] [TID:18756] [app.py:server_status:839][server_status] 服务器状态信息获取成功
2025-08-03 07:05:37 [INFO] [info:248] [PID:3676] [TID:796] [app.py:list_instances:466][list_instances] 处理获取实例列表请求
2025-08-03 07:05:37 [INFO] [info:248] [PID:3676] [TID:796] [app.py:list_instances:475][list_instances] 获取实例列表成功，数量: 0
2025-08-03 07:06:07 [INFO] [info:248] [PID:3676] [TID:2616] [app.py:server_status:796][server_status] 获取服务器状态信息
2025-08-03 07:06:07 [INFO] [info:248] [PID:3676] [TID:2616] [network_manager.py:check_port_accessibility:46][NetworkManager.check_port_accessibility] 检查端口可访问性: 5000
2025-08-03 07:06:07 [INFO] [info:248] [PID:3676] [TID:2616] [network_manager.py:check_port_accessibility:71][NetworkManager.check_port_accessibility] 端口可访问性检查完成: 5000
2025-08-03 07:06:07 [INFO] [info:248] [PID:3676] [TID:2616] [app.py:server_status:839][server_status] 服务器状态信息获取成功
2025-08-03 07:06:37 [INFO] [info:248] [PID:3676] [TID:24472] [app.py:server_status:796][server_status] 获取服务器状态信息
2025-08-03 07:06:37 [INFO] [info:248] [PID:3676] [TID:24472] [network_manager.py:check_port_accessibility:46][NetworkManager.check_port_accessibility] 检查端口可访问性: 5000
2025-08-03 07:06:37 [INFO] [info:248] [PID:3676] [TID:24472] [network_manager.py:check_port_accessibility:71][NetworkManager.check_port_accessibility] 端口可访问性检查完成: 5000
2025-08-03 07:06:37 [INFO] [info:248] [PID:3676] [TID:24472] [app.py:server_status:839][server_status] 服务器状态信息获取成功
2025-08-03 07:06:37 [INFO] [info:248] [PID:3676] [TID:28904] [app.py:list_instances:466][list_instances] 处理获取实例列表请求
2025-08-03 07:06:37 [INFO] [info:248] [PID:3676] [TID:28904] [app.py:list_instances:475][list_instances] 获取实例列表成功，数量: 0
2025-08-03 07:07:07 [INFO] [info:248] [PID:3676] [TID:31992] [app.py:server_status:796][server_status] 获取服务器状态信息
2025-08-03 07:07:07 [INFO] [info:248] [PID:3676] [TID:31992] [network_manager.py:check_port_accessibility:46][NetworkManager.check_port_accessibility] 检查端口可访问性: 5000
2025-08-03 07:07:07 [INFO] [info:248] [PID:3676] [TID:31992] [network_manager.py:check_port_accessibility:71][NetworkManager.check_port_accessibility] 端口可访问性检查完成: 5000
2025-08-03 07:07:07 [INFO] [info:248] [PID:3676] [TID:31992] [app.py:server_status:839][server_status] 服务器状态信息获取成功
2025-08-03 07:07:37 [INFO] [info:248] [PID:3676] [TID:26504] [app.py:server_status:796][server_status] 获取服务器状态信息
2025-08-03 07:07:37 [INFO] [info:248] [PID:3676] [TID:26504] [network_manager.py:check_port_accessibility:46][NetworkManager.check_port_accessibility] 检查端口可访问性: 5000
2025-08-03 07:07:37 [INFO] [info:248] [PID:3676] [TID:26504] [network_manager.py:check_port_accessibility:71][NetworkManager.check_port_accessibility] 端口可访问性检查完成: 5000
2025-08-03 07:07:37 [INFO] [info:248] [PID:3676] [TID:26504] [app.py:server_status:839][server_status] 服务器状态信息获取成功
2025-08-03 07:07:37 [INFO] [info:248] [PID:3676] [TID:23840] [app.py:list_instances:466][list_instances] 处理获取实例列表请求
2025-08-03 07:07:37 [INFO] [info:248] [PID:3676] [TID:23840] [app.py:list_instances:475][list_instances] 获取实例列表成功，数量: 0
2025-08-03 07:08:07 [INFO] [info:248] [PID:3676] [TID:27844] [app.py:server_status:796][server_status] 获取服务器状态信息
2025-08-03 07:08:07 [INFO] [info:248] [PID:3676] [TID:27844] [network_manager.py:check_port_accessibility:46][NetworkManager.check_port_accessibility] 检查端口可访问性: 5000
2025-08-03 07:08:07 [INFO] [info:248] [PID:3676] [TID:27844] [network_manager.py:check_port_accessibility:71][NetworkManager.check_port_accessibility] 端口可访问性检查完成: 5000
2025-08-03 07:08:07 [INFO] [info:248] [PID:3676] [TID:27844] [app.py:server_status:839][server_status] 服务器状态信息获取成功
2025-08-03 07:08:37 [INFO] [info:248] [PID:3676] [TID:31796] [app.py:list_instances:466][list_instances] 处理获取实例列表请求
2025-08-03 07:08:37 [INFO] [info:248] [PID:3676] [TID:31796] [app.py:list_instances:475][list_instances] 获取实例列表成功，数量: 0
2025-08-03 07:09:04 [INFO] [info:248] [PID:3676] [TID:32124] [app.py:server_status:796][server_status] 获取服务器状态信息
2025-08-03 07:09:04 [INFO] [info:248] [PID:3676] [TID:32124] [network_manager.py:check_port_accessibility:46][NetworkManager.check_port_accessibility] 检查端口可访问性: 5000
2025-08-03 07:09:04 [INFO] [info:248] [PID:3676] [TID:32124] [network_manager.py:check_port_accessibility:71][NetworkManager.check_port_accessibility] 端口可访问性检查完成: 5000
2025-08-03 07:09:04 [INFO] [info:248] [PID:3676] [TID:32124] [app.py:server_status:839][server_status] 服务器状态信息获取成功
2025-08-03 07:09:37 [INFO] [info:248] [PID:3676] [TID:25728] [app.py:list_instances:466][list_instances] 处理获取实例列表请求
2025-08-03 07:09:37 [INFO] [info:248] [PID:3676] [TID:25728] [app.py:list_instances:475][list_instances] 获取实例列表成功，数量: 0
2025-08-03 07:10:04 [INFO] [info:248] [PID:3676] [TID:3280] [app.py:server_status:796][server_status] 获取服务器状态信息
2025-08-03 07:10:04 [INFO] [info:248] [PID:3676] [TID:3280] [network_manager.py:check_port_accessibility:46][NetworkManager.check_port_accessibility] 检查端口可访问性: 5000
2025-08-03 07:10:04 [INFO] [info:248] [PID:3676] [TID:3280] [network_manager.py:check_port_accessibility:71][NetworkManager.check_port_accessibility] 端口可访问性检查完成: 5000
2025-08-03 07:10:04 [INFO] [info:248] [PID:3676] [TID:3280] [app.py:server_status:839][server_status] 服务器状态信息获取成功
2025-08-03 07:10:37 [INFO] [info:248] [PID:3676] [TID:28968] [app.py:list_instances:466][list_instances] 处理获取实例列表请求
2025-08-03 07:10:37 [INFO] [info:248] [PID:3676] [TID:28968] [app.py:list_instances:475][list_instances] 获取实例列表成功，数量: 0
2025-08-03 07:11:04 [INFO] [info:248] [PID:3676] [TID:2488] [app.py:server_status:796][server_status] 获取服务器状态信息
2025-08-03 07:11:04 [INFO] [info:248] [PID:3676] [TID:2488] [network_manager.py:check_port_accessibility:46][NetworkManager.check_port_accessibility] 检查端口可访问性: 5000
2025-08-03 07:11:04 [INFO] [info:248] [PID:3676] [TID:2488] [network_manager.py:check_port_accessibility:71][NetworkManager.check_port_accessibility] 端口可访问性检查完成: 5000
2025-08-03 07:11:04 [INFO] [info:248] [PID:3676] [TID:2488] [app.py:server_status:839][server_status] 服务器状态信息获取成功
2025-08-03 07:12:04 [INFO] [info:248] [PID:3676] [TID:15396] [app.py:server_status:796][server_status] 获取服务器状态信息
2025-08-03 07:12:04 [INFO] [info:248] [PID:3676] [TID:15396] [network_manager.py:check_port_accessibility:46][NetworkManager.check_port_accessibility] 检查端口可访问性: 5000
2025-08-03 07:12:04 [INFO] [info:248] [PID:3676] [TID:15396] [network_manager.py:check_port_accessibility:71][NetworkManager.check_port_accessibility] 端口可访问性检查完成: 5000
2025-08-03 07:12:04 [INFO] [info:248] [PID:3676] [TID:15396] [app.py:server_status:839][server_status] 服务器状态信息获取成功
2025-08-03 07:12:04 [INFO] [info:248] [PID:3676] [TID:32148] [app.py:list_instances:466][list_instances] 处理获取实例列表请求
2025-08-03 07:12:04 [INFO] [info:248] [PID:3676] [TID:32148] [app.py:list_instances:475][list_instances] 获取实例列表成功，数量: 0
2025-08-03 07:13:04 [INFO] [info:248] [PID:3676] [TID:9016] [app.py:server_status:796][server_status] 获取服务器状态信息
2025-08-03 07:13:04 [INFO] [info:248] [PID:3676] [TID:9016] [network_manager.py:check_port_accessibility:46][NetworkManager.check_port_accessibility] 检查端口可访问性: 5000
2025-08-03 07:13:04 [INFO] [info:248] [PID:3676] [TID:3520] [app.py:list_instances:466][list_instances] 处理获取实例列表请求
2025-08-03 07:13:04 [INFO] [info:248] [PID:3676] [TID:3520] [app.py:list_instances:475][list_instances] 获取实例列表成功，数量: 0
2025-08-03 07:13:04 [INFO] [info:248] [PID:3676] [TID:9016] [network_manager.py:check_port_accessibility:71][NetworkManager.check_port_accessibility] 端口可访问性检查完成: 5000
2025-08-03 07:13:04 [INFO] [info:248] [PID:3676] [TID:9016] [app.py:server_status:839][server_status] 服务器状态信息获取成功
2025-08-03 07:14:04 [INFO] [info:248] [PID:3676] [TID:22460] [app.py:server_status:796][server_status] 获取服务器状态信息
2025-08-03 07:14:04 [INFO] [info:248] [PID:3676] [TID:22460] [network_manager.py:check_port_accessibility:46][NetworkManager.check_port_accessibility] 检查端口可访问性: 5000
2025-08-03 07:14:04 [INFO] [info:248] [PID:3676] [TID:22460] [network_manager.py:check_port_accessibility:71][NetworkManager.check_port_accessibility] 端口可访问性检查完成: 5000
2025-08-03 07:14:04 [INFO] [info:248] [PID:3676] [TID:22460] [app.py:server_status:839][server_status] 服务器状态信息获取成功
2025-08-03 07:14:04 [INFO] [info:248] [PID:3676] [TID:32524] [app.py:list_instances:466][list_instances] 处理获取实例列表请求
2025-08-03 07:14:04 [INFO] [info:248] [PID:3676] [TID:32524] [app.py:list_instances:475][list_instances] 获取实例列表成功，数量: 0
2025-08-03 07:15:04 [INFO] [info:248] [PID:3676] [TID:17004] [app.py:list_instances:466][list_instances] 处理获取实例列表请求
2025-08-03 07:15:04 [INFO] [info:248] [PID:3676] [TID:17004] [app.py:list_instances:475][list_instances] 获取实例列表成功，数量: 0
2025-08-03 07:15:04 [INFO] [info:248] [PID:3676] [TID:29840] [app.py:server_status:796][server_status] 获取服务器状态信息
2025-08-03 07:15:04 [INFO] [info:248] [PID:3676] [TID:29840] [network_manager.py:check_port_accessibility:46][NetworkManager.check_port_accessibility] 检查端口可访问性: 5000
2025-08-03 07:15:04 [INFO] [info:248] [PID:3676] [TID:29840] [network_manager.py:check_port_accessibility:71][NetworkManager.check_port_accessibility] 端口可访问性检查完成: 5000
2025-08-03 07:15:04 [INFO] [info:248] [PID:3676] [TID:29840] [app.py:server_status:839][server_status] 服务器状态信息获取成功
2025-08-03 07:16:04 [INFO] [info:248] [PID:3676] [TID:31160] [app.py:server_status:796][server_status] 获取服务器状态信息
2025-08-03 07:16:04 [INFO] [info:248] [PID:3676] [TID:31160] [network_manager.py:check_port_accessibility:46][NetworkManager.check_port_accessibility] 检查端口可访问性: 5000
2025-08-03 07:16:04 [INFO] [info:248] [PID:3676] [TID:31160] [network_manager.py:check_port_accessibility:71][NetworkManager.check_port_accessibility] 端口可访问性检查完成: 5000
2025-08-03 07:16:04 [INFO] [info:248] [PID:3676] [TID:31160] [app.py:server_status:839][server_status] 服务器状态信息获取成功
2025-08-03 07:16:04 [INFO] [info:248] [PID:3676] [TID:21144] [app.py:list_instances:466][list_instances] 处理获取实例列表请求
2025-08-03 07:16:04 [INFO] [info:248] [PID:3676] [TID:21144] [app.py:list_instances:475][list_instances] 获取实例列表成功，数量: 0
