2025-07-04 18:42:50 [INFO] [info:193] [PID:70936] [TID:60736] [logger.py:__init__:42][SystemLogger.__init__] 日志系统初始化完成
2025-07-04 18:42:50 [INFO] [info:193] [PID:70936] [TID:60736] [auth.py:__init__:99][AuthManager.__init__] 初始化认证管理器
2025-07-04 18:42:50 [INFO] [info:193] [PID:70936] [TID:60736] [auth.py:_init_default_accounts:128][AuthManager._init_default_accounts] 初始化默认管理员账户
2025-07-04 18:42:50 [INFO] [info:193] [PID:70936] [TID:60736] [auth.py:_init_default_accounts:165][AuthManager._init_default_accounts] 默认账户创建完成: 10086, 权限: ['all']
2025-07-04 18:42:50 [INFO] [info:193] [PID:70936] [TID:60736] [auth.py:_init_default_accounts:165][AuthManager._init_default_accounts] 默认账户创建完成: 10087, 权限: ['all']
2025-07-04 18:42:50 [INFO] [info:193] [PID:70936] [TID:60736] [auth.py:__init__:124][AuthManager.__init__] 认证管理器初始化完成
2025-07-04 18:42:50 [INFO] [info:193] [PID:70936] [TID:60736] [config.py:__init__:72][ConfigManager.__init__] 初始化配置管理器，配置文件: config.json
2025-07-04 18:42:50 [INFO] [info:193] [PID:70936] [TID:60736] [config.py:load_config:90][ConfigManager.load_config] 开始加载配置文件: config.json
2025-07-04 18:42:50 [INFO] [info:193] [PID:70936] [TID:60736] [config.py:load_config:115][ConfigManager.load_config] 配置文件加载成功
2025-07-04 18:42:50 [INFO] [info:193] [PID:70936] [TID:60736] [config.py:validate_config:144][ConfigManager.validate_config] 开始验证配置
2025-07-04 18:42:50 [INFO] [info:193] [PID:70936] [TID:60736] [config.py:validate_config:159][ConfigManager.validate_config] 服务器配置为对外开放访问（监听地址: 0.0.0.0）
2025-07-04 18:42:50 [WARNING] [warning:214] [PID:70936] [TID:60736] [config.py:validate_config:194][ConfigManager.validate_config] 使用默认会话密钥，建议更改
2025-07-04 18:42:50 [INFO] [info:193] [PID:70936] [TID:60736] [config.py:validate_config:198][ConfigManager.validate_config] 生成新的会话密钥
2025-07-04 18:42:50 [INFO] [info:193] [PID:70936] [TID:60736] [config.py:validate_config:200][ConfigManager.validate_config] 配置验证完成
2025-07-04 18:42:50 [INFO] [info:193] [PID:70936] [TID:60736] [config.py:__init__:86][ConfigManager.__init__] 配置管理器初始化完成
2025-07-04 18:42:50 [INFO] [info:193] [PID:70936] [TID:60736] [profile_manager.py:__init__:64][ProfileManager.__init__] 初始化用户资料管理器
2025-07-04 18:42:50 [INFO] [info:193] [PID:70936] [TID:60736] [profile_manager.py:_ensure_directories:97][_ensure_directories] 创建用户资料目录: profiles
2025-07-04 18:42:50 [INFO] [info:193] [PID:70936] [TID:60736] [profile_manager.py:_load_profiles:114][_load_profiles] 开始加载用户资料数据
2025-07-04 18:42:50 [WARNING] [warning:214] [PID:70936] [TID:60736] [profile_manager.py:_load_profiles:143][_load_profiles] 用户资料目录不存在，跳过: default - profiles\default
2025-07-04 18:42:50 [WARNING] [warning:214] [PID:70936] [TID:60736] [profile_manager.py:_load_profiles:143][_load_profiles] 用户资料目录不存在，跳过: clean - profiles\clean
2025-07-04 18:42:50 [WARNING] [warning:214] [PID:70936] [TID:60736] [profile_manager.py:_load_profiles:143][_load_profiles] 用户资料目录不存在，跳过: test - profiles\test
2025-07-04 18:42:50 [INFO] [info:193] [PID:70936] [TID:60736] [profile_manager.py:_load_profiles:149][_load_profiles] 用户资料数据加载完成，总数: 0
2025-07-04 18:42:50 [INFO] [info:193] [PID:70936] [TID:60736] [profile_manager.py:_ensure_default_profiles:216][_ensure_default_profiles] 创建默认用户资料: default
2025-07-04 18:42:50 [INFO] [info:193] [PID:70936] [TID:60736] [profile_manager.py:_ensure_default_profiles:216][_ensure_default_profiles] 创建默认用户资料: clean
2025-07-04 18:42:50 [INFO] [info:193] [PID:70936] [TID:60736] [profile_manager.py:_ensure_default_profiles:216][_ensure_default_profiles] 创建默认用户资料: test
2025-07-04 18:42:50 [INFO] [info:193] [PID:70936] [TID:60736] [profile_manager.py:_ensure_default_profiles:245][_ensure_default_profiles] 创建了 3 个默认用户资料
2025-07-04 18:42:50 [INFO] [info:193] [PID:70936] [TID:60736] [profile_manager.py:__init__:88][ProfileManager.__init__] 用户资料管理器初始化完成
2025-07-04 18:42:50 [INFO] [info:193] [PID:70936] [TID:60736] [instance_manager.py:__init__:1809][InstancePool.__init__] 初始化实例池管理器
2025-07-04 18:42:50 [INFO] [info:193] [PID:70936] [TID:60736] [instance_manager.py:_start_cleanup_daemon:1830][InstancePool._start_cleanup_daemon] 启动实例清理守护线程
2025-07-04 18:42:50 [INFO] [info:193] [PID:70936] [TID:60736] [instance_manager.py:_start_cleanup_daemon:1849][InstancePool._start_cleanup_daemon] 实例清理守护线程启动成功
2025-07-04 18:42:50 [INFO] [info:193] [PID:70936] [TID:60736] [instance_manager.py:__init__:1826][InstancePool.__init__] 实例池管理器初始化完成
2025-07-04 18:42:50 [INFO] [info:193] [PID:70936] [TID:60736] [server.py:<module>:53][main] 服务器模块导入完成
2025-07-04 18:42:50 [INFO] [info:193] [PID:70936] [TID:60736] [server.py:main:397][main] ============================================================
2025-07-04 18:42:50 [INFO] [info:193] [PID:70936] [TID:60736] [server.py:main:398][main] Telegram Bot服务器启动
2025-07-04 18:42:50 [INFO] [info:193] [PID:70936] [TID:60736] [server.py:main:399][main] ============================================================
2025-07-04 18:42:50 [INFO] [info:193] [PID:70936] [TID:60736] [server.py:main:404][main] 服务器配置加载完成: 端口=5000, 主机=0.0.0.0
2025-07-04 18:42:50 [INFO] [info:193] [PID:70936] [TID:60736] [server.py:main:407][main] 开始网络配置检查
2025-07-04 18:42:50 [INFO] [info:193] [PID:70936] [TID:60736] [network_manager.py:get_network_manager:296][get_network_manager] 创建全局网络管理器实例
2025-07-04 18:42:50 [INFO] [info:193] [PID:70936] [TID:60736] [network_manager.py:__init__:26][NetworkManager.__init__] 初始化网络管理器
2025-07-04 18:42:50 [INFO] [info:193] [PID:70936] [TID:60736] [network_manager.py:__init__:34][NetworkManager.__init__] 网络管理器初始化完成
2025-07-04 18:42:50 [INFO] [info:193] [PID:70936] [TID:60736] [network_manager.py:check_port_accessibility:46][NetworkManager.check_port_accessibility] 检查端口可访问性: 5000
2025-07-04 18:42:51 [INFO] [info:193] [PID:70936] [TID:60736] [network_manager.py:check_port_accessibility:71][NetworkManager.check_port_accessibility] 端口可访问性检查完成: 5000
2025-07-04 18:42:51 [INFO] [info:193] [PID:70936] [TID:60736] [server.py:main:414][main] 端口状态检查结果 - 监听: False, 可绑定: True, 本地IP: 10.146.7.64
2025-07-04 18:42:51 [INFO] [info:193] [PID:70936] [TID:60736] [server.py:main:420][main] 网络配置建议:
2025-07-04 18:42:51 [INFO] [info:193] [PID:70936] [TID:60736] [server.py:main:422][main]   - 端口可用，服务器可以正常启动
2025-07-04 18:42:51 [INFO] [info:193] [PID:70936] [TID:60736] [server.py:main:422][main]   - 如需外部访问，请在Windows防火墙中允许该端口
2025-07-04 18:42:51 [INFO] [info:193] [PID:70936] [TID:60736] [server.py:main:422][main]   - 确保服务器监听地址设置为 0.0.0.0 以允许外部连接
2025-07-04 18:42:51 [INFO] [info:193] [PID:70936] [TID:60736] [server.py:main:425][main] 开始清理端口 5000 上的僵尸连接
2025-07-04 18:42:51 [INFO] [info:193] [PID:70936] [TID:60736] [server.py:check_port_status:91][check_port_status] 端口 5000 可用
2025-07-04 18:42:51 [INFO] [info:193] [PID:70936] [TID:60736] [server.py:main:444][main] 端口 5000 初始状态正常，无需清理
2025-07-04 18:42:51 [INFO] [info:193] [PID:70936] [TID:60736] [server.py:main:447][main] 开始验证运行环境
2025-07-04 18:42:51 [INFO] [info:193] [PID:70936] [TID:60736] [server.py:validate_environment:300][validate_environment] 开始验证运行环境
2025-07-04 18:42:51 [INFO] [info:193] [PID:70936] [TID:60736] [server.py:validate_environment:325][validate_environment] 找到 js_modules 文件夹，包含 3 个JavaScript文件
2025-07-04 18:42:51 [INFO] [info:193] [PID:70936] [TID:60736] [server.py:validate_environment:340][validate_environment] 运行环境验证完成
2025-07-04 18:42:51 [INFO] [info:193] [PID:70936] [TID:60736] [server.py:main:451][main] 运行环境验证通过
2025-07-04 18:42:51 [INFO] [info:193] [PID:70936] [TID:60736] [server.py:main:454][main] 设置信号处理器
2025-07-04 18:42:51 [INFO] [info:193] [PID:70936] [TID:60736] [server.py:setup_signal_handlers:273][setup_signal_handlers] 设置信号处理器
2025-07-04 18:42:51 [INFO] [info:193] [PID:70936] [TID:60736] [server.py:setup_signal_handlers:296][setup_signal_handlers] 信号处理器设置完成
2025-07-04 18:42:51 [INFO] [info:193] [PID:70936] [TID:60736] [server.py:main:456][main] 信号处理器设置完成
2025-07-04 18:42:51 [INFO] [info:193] [PID:70936] [TID:60736] [server.py:main:459][main] 显示启动横幅
2025-07-04 18:42:51 [INFO] [info:193] [PID:70936] [TID:60736] [server.py:print_startup_banner:349][print_startup_banner] 显示启动横幅
2025-07-04 18:42:51 [INFO] [info:193] [PID:70936] [TID:60736] [network_manager.py:check_port_accessibility:46][NetworkManager.check_port_accessibility] 检查端口可访问性: 5000
2025-07-04 18:42:52 [INFO] [info:193] [PID:70936] [TID:60736] [network_manager.py:check_port_accessibility:71][NetworkManager.check_port_accessibility] 端口可访问性检查完成: 5000
2025-07-04 18:42:52 [INFO] [info:193] [PID:70936] [TID:60736] [server.py:print_startup_banner:389][print_startup_banner] 服务器启动横幅显示完成
2025-07-04 18:42:52 [INFO] [info:193] [PID:70936] [TID:60736] [server.py:main:463][main] 准备启动Flask服务器
2025-07-04 18:42:52 [INFO] [info:193] [PID:70936] [TID:60736] [server.py:main:464][main] 服务器将在 http://0.0.0.0:5000 上启动
2025-07-04 18:42:52 [INFO] [info:193] [PID:70936] [TID:60736] [app.py:run_server:869][run_server] 启动Telegram Bot服务器
2025-07-04 18:42:52 [INFO] [info:193] [PID:70936] [TID:60736] [app.py:create_app:41][create_app] 开始创建Flask应用
2025-07-04 18:42:52 [INFO] [info:193] [PID:70936] [TID:60736] [auth.py:init_app:486][AuthManager.init_app] 初始化Flask应用认证
2025-07-04 18:42:52 [INFO] [info:193] [PID:70936] [TID:60736] [auth.py:init_app:501][AuthManager.init_app] Flask应用认证初始化完成
2025-07-04 18:42:52 [INFO] [info:193] [PID:70936] [TID:60736] [app.py:register_api_routes:100][register_api_routes] 开始注册API路由
2025-07-04 18:42:52 [INFO] [info:193] [PID:70936] [TID:60736] [app.py:register_api_routes:853][register_api_routes] API路由注册完成
2025-07-04 18:42:52 [INFO] [info:193] [PID:70936] [TID:60736] [web_routes.py:register_web_routes:33][register_web_routes] 开始注册Web界面路由
2025-07-04 18:42:52 [INFO] [info:193] [PID:70936] [TID:60736] [web_routes.py:register_web_routes:406][register_web_routes] Web界面路由注册完成
2025-07-04 18:42:52 [INFO] [info:193] [PID:70936] [TID:60736] [app.py:create_app:90][create_app] Flask应用创建完成
2025-07-04 18:42:52 [INFO] [info:193] [PID:70936] [TID:60736] [app.py:run_server:879][run_server] 服务器启动在 http://0.0.0.0:5000
2025-07-04 18:43:05 [INFO] [info:193] [PID:70936] [TID:70908] [web_routes.py:login_page:76][login_page] 处理登录页面访问请求
2025-07-04 18:43:06 [WARNING] [warning:214] [PID:70936] [TID:17044] [request_hooks.py:_before_request_logging:45][request_hooks.before] API 令牌验证失败: NOT_AUTHENTICATED
2025-07-04 18:43:22 [INFO] [info:193] [PID:44812] [TID:72328] [logger.py:__init__:42][SystemLogger.__init__] 日志系统初始化完成
2025-07-04 18:43:22 [INFO] [info:193] [PID:44812] [TID:72328] [auth.py:__init__:99][AuthManager.__init__] 初始化认证管理器
2025-07-04 18:43:22 [INFO] [info:193] [PID:44812] [TID:72328] [auth.py:_init_default_accounts:128][AuthManager._init_default_accounts] 初始化默认管理员账户
2025-07-04 18:43:22 [INFO] [info:193] [PID:44812] [TID:72328] [auth.py:_init_default_accounts:165][AuthManager._init_default_accounts] 默认账户创建完成: 10086, 权限: ['all']
2025-07-04 18:43:22 [INFO] [info:193] [PID:44812] [TID:72328] [auth.py:_init_default_accounts:165][AuthManager._init_default_accounts] 默认账户创建完成: 10087, 权限: ['all']
2025-07-04 18:43:22 [INFO] [info:193] [PID:44812] [TID:72328] [auth.py:__init__:124][AuthManager.__init__] 认证管理器初始化完成
2025-07-04 18:43:22 [INFO] [info:193] [PID:44812] [TID:72328] [config.py:__init__:72][ConfigManager.__init__] 初始化配置管理器，配置文件: config.json
2025-07-04 18:43:22 [INFO] [info:193] [PID:44812] [TID:72328] [config.py:load_config:90][ConfigManager.load_config] 开始加载配置文件: config.json
2025-07-04 18:43:22 [INFO] [info:193] [PID:44812] [TID:72328] [config.py:load_config:115][ConfigManager.load_config] 配置文件加载成功
2025-07-04 18:43:22 [INFO] [info:193] [PID:44812] [TID:72328] [config.py:validate_config:144][ConfigManager.validate_config] 开始验证配置
2025-07-04 18:43:22 [INFO] [info:193] [PID:44812] [TID:72328] [config.py:validate_config:159][ConfigManager.validate_config] 服务器配置为对外开放访问（监听地址: 0.0.0.0）
2025-07-04 18:43:22 [WARNING] [warning:214] [PID:44812] [TID:72328] [config.py:validate_config:194][ConfigManager.validate_config] 使用默认会话密钥，建议更改
2025-07-04 18:43:22 [INFO] [info:193] [PID:44812] [TID:72328] [config.py:validate_config:198][ConfigManager.validate_config] 生成新的会话密钥
2025-07-04 18:43:22 [INFO] [info:193] [PID:44812] [TID:72328] [config.py:validate_config:200][ConfigManager.validate_config] 配置验证完成
2025-07-04 18:43:22 [INFO] [info:193] [PID:44812] [TID:72328] [config.py:__init__:86][ConfigManager.__init__] 配置管理器初始化完成
2025-07-04 18:43:23 [INFO] [info:193] [PID:44812] [TID:72328] [profile_manager.py:__init__:64][ProfileManager.__init__] 初始化用户资料管理器
2025-07-04 18:43:23 [INFO] [info:193] [PID:44812] [TID:72328] [profile_manager.py:_load_profiles:114][_load_profiles] 开始加载用户资料数据
2025-07-04 18:43:23 [INFO] [info:193] [PID:44812] [TID:72328] [profile_manager.py:_load_profiles:149][_load_profiles] 用户资料数据加载完成，总数: 3
2025-07-04 18:43:23 [INFO] [info:193] [PID:44812] [TID:72328] [profile_manager.py:__init__:88][ProfileManager.__init__] 用户资料管理器初始化完成
2025-07-04 18:43:23 [INFO] [info:193] [PID:44812] [TID:72328] [instance_manager.py:__init__:1809][InstancePool.__init__] 初始化实例池管理器
2025-07-04 18:43:23 [INFO] [info:193] [PID:44812] [TID:72328] [instance_manager.py:_start_cleanup_daemon:1830][InstancePool._start_cleanup_daemon] 启动实例清理守护线程
2025-07-04 18:43:23 [INFO] [info:193] [PID:44812] [TID:72328] [instance_manager.py:_start_cleanup_daemon:1849][InstancePool._start_cleanup_daemon] 实例清理守护线程启动成功
2025-07-04 18:43:23 [INFO] [info:193] [PID:44812] [TID:72328] [instance_manager.py:__init__:1826][InstancePool.__init__] 实例池管理器初始化完成
2025-07-04 18:43:23 [INFO] [info:193] [PID:44812] [TID:72328] [server.py:<module>:53][main] 服务器模块导入完成
2025-07-04 18:43:23 [INFO] [info:193] [PID:44812] [TID:72328] [server.py:main:397][main] ============================================================
2025-07-04 18:43:23 [INFO] [info:193] [PID:44812] [TID:72328] [server.py:main:398][main] Telegram Bot服务器启动
2025-07-04 18:43:23 [INFO] [info:193] [PID:44812] [TID:72328] [server.py:main:399][main] ============================================================
2025-07-04 18:43:23 [INFO] [info:193] [PID:44812] [TID:72328] [server.py:main:404][main] 服务器配置加载完成: 端口=5000, 主机=0.0.0.0
2025-07-04 18:43:23 [INFO] [info:193] [PID:44812] [TID:72328] [server.py:main:407][main] 开始网络配置检查
2025-07-04 18:43:23 [INFO] [info:193] [PID:44812] [TID:72328] [network_manager.py:get_network_manager:296][get_network_manager] 创建全局网络管理器实例
2025-07-04 18:43:23 [INFO] [info:193] [PID:44812] [TID:72328] [network_manager.py:__init__:26][NetworkManager.__init__] 初始化网络管理器
2025-07-04 18:43:23 [INFO] [info:193] [PID:44812] [TID:72328] [network_manager.py:__init__:34][NetworkManager.__init__] 网络管理器初始化完成
2025-07-04 18:43:23 [INFO] [info:193] [PID:44812] [TID:72328] [network_manager.py:check_port_accessibility:46][NetworkManager.check_port_accessibility] 检查端口可访问性: 5000
2025-07-04 18:43:24 [INFO] [info:193] [PID:44812] [TID:72328] [network_manager.py:check_port_accessibility:71][NetworkManager.check_port_accessibility] 端口可访问性检查完成: 5000
2025-07-04 18:43:24 [INFO] [info:193] [PID:44812] [TID:72328] [server.py:main:414][main] 端口状态检查结果 - 监听: False, 可绑定: True, 本地IP: 10.146.7.64
2025-07-04 18:43:24 [INFO] [info:193] [PID:44812] [TID:72328] [server.py:main:420][main] 网络配置建议:
2025-07-04 18:43:24 [INFO] [info:193] [PID:44812] [TID:72328] [server.py:main:422][main]   - 端口可用，服务器可以正常启动
2025-07-04 18:43:24 [INFO] [info:193] [PID:44812] [TID:72328] [server.py:main:422][main]   - 如需外部访问，请在Windows防火墙中允许该端口
2025-07-04 18:43:24 [INFO] [info:193] [PID:44812] [TID:72328] [server.py:main:422][main]   - 确保服务器监听地址设置为 0.0.0.0 以允许外部连接
2025-07-04 18:43:24 [INFO] [info:193] [PID:44812] [TID:72328] [server.py:main:425][main] 开始清理端口 5000 上的僵尸连接
2025-07-04 18:43:24 [INFO] [info:193] [PID:44812] [TID:72328] [server.py:check_port_status:91][check_port_status] 端口 5000 可用
2025-07-04 18:43:24 [INFO] [info:193] [PID:44812] [TID:72328] [server.py:main:444][main] 端口 5000 初始状态正常，无需清理
2025-07-04 18:43:24 [INFO] [info:193] [PID:44812] [TID:72328] [server.py:main:447][main] 开始验证运行环境
2025-07-04 18:43:24 [INFO] [info:193] [PID:44812] [TID:72328] [server.py:validate_environment:300][validate_environment] 开始验证运行环境
2025-07-04 18:43:24 [INFO] [info:193] [PID:44812] [TID:72328] [server.py:validate_environment:325][validate_environment] 找到 js_modules 文件夹，包含 3 个JavaScript文件
2025-07-04 18:43:24 [INFO] [info:193] [PID:44812] [TID:72328] [server.py:validate_environment:340][validate_environment] 运行环境验证完成
2025-07-04 18:43:24 [INFO] [info:193] [PID:44812] [TID:72328] [server.py:main:451][main] 运行环境验证通过
2025-07-04 18:43:24 [INFO] [info:193] [PID:44812] [TID:72328] [server.py:main:454][main] 设置信号处理器
2025-07-04 18:43:24 [INFO] [info:193] [PID:44812] [TID:72328] [server.py:setup_signal_handlers:273][setup_signal_handlers] 设置信号处理器
2025-07-04 18:43:24 [INFO] [info:193] [PID:44812] [TID:72328] [server.py:setup_signal_handlers:296][setup_signal_handlers] 信号处理器设置完成
2025-07-04 18:43:24 [INFO] [info:193] [PID:44812] [TID:72328] [server.py:main:456][main] 信号处理器设置完成
2025-07-04 18:43:24 [INFO] [info:193] [PID:44812] [TID:72328] [server.py:main:459][main] 显示启动横幅
2025-07-04 18:43:24 [INFO] [info:193] [PID:44812] [TID:72328] [server.py:print_startup_banner:349][print_startup_banner] 显示启动横幅
2025-07-04 18:43:24 [INFO] [info:193] [PID:44812] [TID:72328] [network_manager.py:check_port_accessibility:46][NetworkManager.check_port_accessibility] 检查端口可访问性: 5000
2025-07-04 18:43:25 [INFO] [info:193] [PID:44812] [TID:72328] [network_manager.py:check_port_accessibility:71][NetworkManager.check_port_accessibility] 端口可访问性检查完成: 5000
2025-07-04 18:43:25 [INFO] [info:193] [PID:44812] [TID:72328] [server.py:print_startup_banner:389][print_startup_banner] 服务器启动横幅显示完成
2025-07-04 18:43:25 [INFO] [info:193] [PID:44812] [TID:72328] [server.py:main:463][main] 准备启动Flask服务器
2025-07-04 18:43:25 [INFO] [info:193] [PID:44812] [TID:72328] [server.py:main:464][main] 服务器将在 http://0.0.0.0:5000 上启动
2025-07-04 18:43:25 [INFO] [info:193] [PID:44812] [TID:72328] [app.py:run_server:869][run_server] 启动Telegram Bot服务器
2025-07-04 18:43:25 [INFO] [info:193] [PID:44812] [TID:72328] [app.py:create_app:41][create_app] 开始创建Flask应用
2025-07-04 18:43:25 [INFO] [info:193] [PID:44812] [TID:72328] [auth.py:init_app:486][AuthManager.init_app] 初始化Flask应用认证
2025-07-04 18:43:25 [INFO] [info:193] [PID:44812] [TID:72328] [auth.py:init_app:501][AuthManager.init_app] Flask应用认证初始化完成
2025-07-04 18:43:25 [INFO] [info:193] [PID:44812] [TID:72328] [app.py:register_api_routes:100][register_api_routes] 开始注册API路由
2025-07-04 18:43:25 [INFO] [info:193] [PID:44812] [TID:72328] [app.py:register_api_routes:853][register_api_routes] API路由注册完成
2025-07-04 18:43:25 [INFO] [info:193] [PID:44812] [TID:72328] [web_routes.py:register_web_routes:33][register_web_routes] 开始注册Web界面路由
2025-07-04 18:43:25 [INFO] [info:193] [PID:44812] [TID:72328] [web_routes.py:register_web_routes:406][register_web_routes] Web界面路由注册完成
2025-07-04 18:43:25 [INFO] [info:193] [PID:44812] [TID:72328] [app.py:create_app:90][create_app] Flask应用创建完成
2025-07-04 18:43:25 [INFO] [info:193] [PID:44812] [TID:72328] [app.py:run_server:879][run_server] 服务器启动在 http://0.0.0.0:5000
2025-07-04 18:43:31 [INFO] [info:193] [PID:44812] [TID:64524] [web_routes.py:login_page:76][login_page] 处理登录页面访问请求
2025-07-04 18:43:31 [WARNING] [warning:214] [PID:44812] [TID:70396] [request_hooks.py:_before_request_logging:45][request_hooks.before] API 令牌验证失败: NOT_AUTHENTICATED
